make[1]: Entering directory '/mnt/home/matt/development/github/mcu-bypass-firmware'
=== PIC10F322 build + flash-budget (512 words) ===
OK:   cd4053 -> build_pic/bypass_cd4053_pic10f322.hex : 404 words (78.9%) of 512
OK:   cd4053_tmux -> build_pic/bypass_cd4053_tmux_pic10f322.hex : 404 words (78.9%) of 512
OK:   mute -> build_pic/bypass_mute_pic10f322.hex : 434 words (84.8%) of 512
OK:   mute_tmux -> build_pic/bypass_mute_tmux_pic10f322.hex : 434 words (84.8%) of 512
OK:   relay -> build_pic/bypass_relay_pic10f322.hex : 431 words (84.2%) of 512
--- PIC fault-inject: variant=mute proc=p10f322 (ctx_ layout verified: 3 bytes) ---
FAULT-INJECT START: fw=/mnt/home/matt/development/github/mcu-bypass-firmware/build_pic/bypass_mute_pic10f322.hex proc=p10f322 FOSC=2000000 window=2000 ms
  (NB: gpsim WDT@WDTPS=0x08 ~1.057s -- recovery reset, not 256ms silicon)
  control (no injection)
    PASS: quiescent device did not reset
  inject OSCCON.IRCF   @0x010: 0x49 -> 0x59  (IRCF 0b100->0b101: 2MHz->4MHz clock skew)
    PASS: gate forced exactly 1 WDT reset
  inject WDTCON.WDTPS  @0x030: 0x10 -> 0x00  (WDTPS 0b01000->0b00000: 1:8192->1:32, WDT miscalibrated (else silent))
    PASS: gate forced exactly 1 WDT reset
  inject PR2           @0x012: 0x7c -> 0x63  (tick period 124->99: 1ms tick skewed)
    PASS: gate forced exactly 1 WDT reset
  inject T2CON         @0x013: 0x05 -> 0x04  (T2CKPS 1:4->1:1, TMR2ON preserved: timer cfg skew)
    PASS: gate forced exactly 1 WDT reset
  inject ANSELA.RA0    @0x008: 0x00 -> 0x01  (ANSA0=1: RA0 (LED) re-selected analog, out of digital service)
    PASS: gate forced exactly 1 WDT reset
  inject ANSELA.RA1    @0x008: 0x00 -> 0x02  (ANSA1=1: RA1 (control pin) re-selected analog, out of digital service)
    PASS: gate forced exactly 1 WDT reset
  inject ANSELA.RA2    @0x008: 0x00 -> 0x04  (ANSA2=1: RA2 (control pin) re-selected analog, out of digital service)
    PASS: gate forced exactly 1 WDT reset
  inject WPUA.RA3      @0x009: 0x0f -> 0x07  (clear RA3 pull-up latch: footswitch weak pull-up disabled)
    PASS: gate forced exactly 1 WDT reset
  inject OPTION.nWPUEN @0x00e: 0x7f -> 0xff  (set nWPUEN: global weak pull-ups disabled)
    PASS: gate forced exactly 1 WDT reset
  inject ctx.program_state @0x05d: 0x00 -> 0x02  (0->2: > RELEASE_DEBOUNCE_WAIT (also core res.fault))
    PASS: gate forced exactly 1 WDT reset
  inject ctx.effect_state @0x05e: 0x00 -> 0x02  (->2: > ENGAGED (gate-only))
    PASS: gate forced exactly 1 WDT reset
  inject ctx.debounce_counter @0x05f: 0x00 -> 0xff  (->255: > RELEASE_THRESH (gate-only))
    PASS: gate forced exactly 1 WDT reset

FAULT-INJECT PASS: 13 checks, 0 failures
make[1]: Leaving directory '/mnt/home/matt/development/github/mcu-bypass-firmware'
